Search Term: 1990-01-01 | Search Type: searched by date | Timestamp: Sat Oct 19 16:25:42 CEST 2024
Search Term: solar | Search Type: searched by equipment | Timestamp: Sat Oct 19 16:25:43 CEST 2024
File: wind.log | Operation: Log file opened | Timestamp: Sat Oct 19 16:25:43 CEST 2024
Search Term: 2024-10-08 | Search Type: searched by date | Timestamp: Sat Oct 19 16:25:43 CEST 2024
Search Term: 1990-01-01 | Search Type: searched by date | Timestamp: Fri Nov 01 18:20:38 CET 2024
Search Term: solar | Search Type: searched by equipment | Timestamp: Fri Nov 01 18:20:38 CET 2024
File: wind.log | Operation: Log file opened | Timestamp: Fri Nov 01 18:20:38 CET 2024
Search Term: 2024-10-08 | Search Type: searched by date | Timestamp: Fri Nov 01 18:20:38 CET 2024
Search Term: 1990-01-01 | Search Type: searched by date | Timestamp: Fri Nov 01 21:02:15 CET 2024
Search Term: solar | Search Type: searched by equipment | Timestamp: Fri Nov 01 21:02:15 CET 2024
File: wind.log | Operation: Log file opened | Timestamp: Fri Nov 01 21:02:15 CET 2024
Search Term: 2024-10-08 | Search Type: searched by date | Timestamp: Fri Nov 01 21:02:15 CET 2024
Search Term: 1990-01-01 | Search Type: searched by date | Timestamp: Fri Nov 01 21:02:49 CET 2024
Search Term: solar | Search Type: searched by equipment | Timestamp: Fri Nov 01 21:02:49 CET 2024
File: wind.log | Operation: Log file opened | Timestamp: Fri Nov 01 21:02:49 CET 2024
Search Term: 2024-10-08 | Search Type: searched by date | Timestamp: Fri Nov 01 21:02:49 CET 2024
Search Term: 1990-01-01 | Search Type: searched by date | Timestamp: Fri Nov 01 21:04:00 CET 2024
Search Term: solar | Search Type: searched by equipment | Timestamp: Fri Nov 01 21:04:00 CET 2024
File: wind.log | Operation: Log file opened | Timestamp: Fri Nov 01 21:04:00 CET 2024
Search Term: 2024-10-08 | Search Type: searched by date | Timestamp: Fri Nov 01 21:04:00 CET 2024
